<?xml version="1.0" encoding="UTF-8"?>
<!-- Generated by org.testng.reporters.JUnitReportReporter -->
<testsuite skipped="0" hostname="IUSA30001.local" name="skill2Develop.com.apiim.postOrder" tests="1" failures="0" timestamp="2022-07-01T21:58:15 BST" time="2.224" errors="0">
  <testcase name="test1" time="2.224" classname="skill2Develop.com.apiim.postOrder"/>
</testsuite> <!-- skill2Develop.com.apiim.postOrder -->
