<?xml version="1.0" encoding="UTF-8"?>
<!-- Generated by org.testng.reporters.JUnitReportReporter -->
<testsuite skipped="0" hostname="IUSA30001.local" name="skill2Develop.com.apiim.getStatus" tests="1" failures="0" timestamp="2022-07-01T20:54:56 BST" time="2.438" errors="0">
  <testcase name="getReq" time="2.438" classname="skill2Develop.com.apiim.getStatus"/>
</testsuite> <!-- skill2Develop.com.apiim.getStatus -->
